2025-05-20 11:50:49,047 - INFO - Logging initialized (rank 0). Log file: sd_comparison_images/train_rank0.log
2025-05-20 11:50:49,047 - INFO - Configuration:
Namespace(sd_model_name='stabilityai/stable-diffusion-2-1-base', sd_enable_cpu_offload=True, img_size=1024, seed=42, output_dir='sd_comparison_images', num_samples=9, prompt="A photorealistic advertisement poster for a Japanese cafe named 'NOVA CAFE', with the name written clearly in both English and Japanese on a street sign, a storefront banner, and a coffee cup. The scene is set at night with neon lighting, rain-slick streets reflecting the glow, and people walking by in motion blur. Cinematic tone, Leica photo quality, ultra-detailed textures.", num_inference_steps=25, guidance_scale=7.5)
2025-05-20 11:50:49,780 - WARNING - Xet Storage is enabled for this repo, but the 'hf_xet' package is not installed. Falling back to regular HTTP download. For better performance, install the package with: `pip install huggingface_hub[hf_xet]` or `pip install hf_xet`
2025-05-20 11:50:49,990 - WARNING - Xet Storage is enabled for this repo, but the 'hf_xet' package is not installed. Falling back to regular HTTP download. For better performance, install the package with: `pip install huggingface_hub[hf_xet]` or `pip install hf_xet`
2025-05-20 11:50:50,146 - WARNING - Xet Storage is enabled for this repo, but the 'hf_xet' package is not installed. Falling back to regular HTTP download. For better performance, install the package with: `pip install huggingface_hub[hf_xet]` or `pip install hf_xet`
2025-05-20 11:51:35,135 - INFO - Loading pretrained model: sd-2.1
2025-05-20 11:51:35,699 - WARNING - Xet Storage is enabled for this repo, but the 'hf_xet' package is not installed. Falling back to regular HTTP download. For better performance, install the package with: `pip install huggingface_hub[hf_xet]` or `pip install hf_xet`
2025-05-20 11:51:35,893 - WARNING - Xet Storage is enabled for this repo, but the 'hf_xet' package is not installed. Falling back to regular HTTP download. For better performance, install the package with: `pip install huggingface_hub[hf_xet]` or `pip install hf_xet`
2025-05-20 11:51:35,927 - WARNING - Xet Storage is enabled for this repo, but the 'hf_xet' package is not installed. Falling back to regular HTTP download. For better performance, install the package with: `pip install huggingface_hub[hf_xet]` or `pip install hf_xet`
2025-05-20 11:51:45,361 - INFO - Successfully loaded pretrained model: sd-2.1
2025-05-20 11:51:45,361 - INFO - Loading pretrained model: sd-1.5
2025-05-20 11:51:53,834 - INFO - Successfully loaded pretrained model: sd-1.5
2025-05-20 11:51:53,834 - INFO - Loading pretrained model: sd-1.4
2025-05-20 11:51:54,564 - WARNING - Xet Storage is enabled for this repo, but the 'hf_xet' package is not installed. Falling back to regular HTTP download. For better performance, install the package with: `pip install huggingface_hub[hf_xet]` or `pip install hf_xet`
2025-05-20 11:51:54,826 - WARNING - Xet Storage is enabled for this repo, but the 'hf_xet' package is not installed. Falling back to regular HTTP download. For better performance, install the package with: `pip install huggingface_hub[hf_xet]` or `pip install hf_xet`
2025-05-20 11:51:54,918 - WARNING - Xet Storage is enabled for this repo, but the 'hf_xet' package is not installed. Falling back to regular HTTP download. For better performance, install the package with: `pip install huggingface_hub[hf_xet]` or `pip install hf_xet`
2025-05-20 11:52:02,905 - INFO - Successfully loaded pretrained model: sd-1.4
2025-05-20 11:52:02,905 - INFO - Loading pretrained model: sd-1.3
2025-05-20 11:52:14,118 - INFO - Successfully loaded pretrained model: sd-1.3
2025-05-20 11:52:14,118 - INFO - Loading pretrained model: sd-1.2
2025-05-20 11:52:22,638 - INFO - Successfully loaded pretrained model: sd-1.2
2025-05-20 11:52:22,638 - INFO - Loading pretrained model: sd-1.1
2025-05-20 11:52:32,600 - INFO - Successfully loaded pretrained model: sd-1.1
2025-05-20 11:52:32,600 - INFO - Loaded 6 pretrained models: ['sd-2.1', 'sd-1.5', 'sd-1.4', 'sd-1.3', 'sd-1.2', 'sd-1.1']
2025-05-20 12:34:27,608 - INFO - Saved grid for original
2025-05-20 12:34:34,935 - INFO - Saved grid for pretrained_sd-2.1
2025-05-20 12:34:41,840 - INFO - Saved grid for pretrained_sd-1.5
2025-05-20 12:34:48,774 - INFO - Saved grid for pretrained_sd-1.4
2025-05-20 12:34:55,107 - INFO - Saved grid for pretrained_sd-1.3
2025-05-20 12:35:01,829 - INFO - Saved grid for pretrained_sd-1.2
2025-05-20 12:35:08,509 - INFO - Saved grid for pretrained_sd-1.1
2025-05-20 12:35:14,065 - INFO - Saved grid for downsampled_16
2025-05-20 12:35:20,570 - INFO - Saved grid for downsampled_224
2025-05-20 12:35:20,571 - INFO - Visualization completed successfully
2025-05-20 13:17:58,313 - INFO - Logging initialized (rank 0). Log file: sd_comparison_images/train_rank0.log
2025-05-20 13:17:58,313 - INFO - Configuration:
Namespace(sd_model_name='stabilityai/stable-diffusion-2-1', sd_enable_cpu_offload=True, img_size=1024, seed=42, output_dir='sd_comparison_images', num_samples=9, prompt="A photorealistic advertisement poster for a Japanese cafe named 'NOVA CAFE', with the name written clearly in both English and Japanese on a street sign, a storefront banner, and a coffee cup. The scene is set at night with neon lighting, rain-slick streets reflecting the glow, and people walking by in motion blur. Cinematic tone, Leica photo quality, ultra-detailed textures.", num_inference_steps=25, guidance_scale=7.5)
2025-05-20 13:17:58,982 - WARNING - Xet Storage is enabled for this repo, but the 'hf_xet' package is not installed. Falling back to regular HTTP download. For better performance, install the package with: `pip install huggingface_hub[hf_xet]` or `pip install hf_xet`
2025-05-20 13:17:59,182 - WARNING - Xet Storage is enabled for this repo, but the 'hf_xet' package is not installed. Falling back to regular HTTP download. For better performance, install the package with: `pip install huggingface_hub[hf_xet]` or `pip install hf_xet`
2025-05-20 13:17:59,192 - WARNING - Xet Storage is enabled for this repo, but the 'hf_xet' package is not installed. Falling back to regular HTTP download. For better performance, install the package with: `pip install huggingface_hub[hf_xet]` or `pip install hf_xet`
2025-05-20 13:18:07,888 - INFO - Loading pretrained model: sd-2.1
2025-05-20 13:18:08,899 - INFO - Successfully loaded pretrained model: sd-2.1
2025-05-20 13:18:08,899 - INFO - Loading pretrained model: sd-1.5
2025-05-20 13:18:19,349 - INFO - Successfully loaded pretrained model: sd-1.5
2025-05-20 13:18:19,349 - INFO - Loading pretrained model: sd-1.4
2025-05-20 13:18:22,418 - WARNING - Xet Storage is enabled for this repo, but the 'hf_xet' package is not installed. Falling back to regular HTTP download. For better performance, install the package with: `pip install huggingface_hub[hf_xet]` or `pip install hf_xet`
2025-05-20 13:18:22,627 - WARNING - Xet Storage is enabled for this repo, but the 'hf_xet' package is not installed. Falling back to regular HTTP download. For better performance, install the package with: `pip install huggingface_hub[hf_xet]` or `pip install hf_xet`
2025-05-20 13:18:22,655 - WARNING - Xet Storage is enabled for this repo, but the 'hf_xet' package is not installed. Falling back to regular HTTP download. For better performance, install the package with: `pip install huggingface_hub[hf_xet]` or `pip install hf_xet`
2025-05-20 13:18:33,492 - INFO - Successfully loaded pretrained model: sd-1.4
2025-05-20 13:18:33,492 - INFO - Loading pretrained model: sd-1.3
2025-05-20 13:18:43,810 - INFO - Successfully loaded pretrained model: sd-1.3
2025-05-20 13:18:43,810 - INFO - Loading pretrained model: sd-1.2
2025-05-20 13:18:52,134 - INFO - Successfully loaded pretrained model: sd-1.2
2025-05-20 13:18:52,134 - INFO - Loading pretrained model: sd-1.1
2025-05-20 13:19:03,380 - INFO - Successfully loaded pretrained model: sd-1.1
2025-05-20 13:19:03,380 - INFO - Loaded 6 pretrained models: ['sd-2.1', 'sd-1.5', 'sd-1.4', 'sd-1.3', 'sd-1.2', 'sd-1.1']
2025-05-20 13:56:15,297 - INFO - Saved grid for original
2025-05-20 13:56:23,045 - INFO - Saved grid for pretrained_sd-2.1
2025-05-20 13:56:29,923 - INFO - Saved grid for pretrained_sd-1.5
2025-05-20 13:56:36,672 - INFO - Saved grid for pretrained_sd-1.4
2025-05-20 13:56:43,143 - INFO - Saved grid for pretrained_sd-1.3
2025-05-20 13:56:49,970 - INFO - Saved grid for pretrained_sd-1.2
2025-05-20 13:56:55,989 - INFO - Saved grid for pretrained_sd-1.1
2025-05-20 13:57:01,408 - INFO - Saved grid for downsampled_16
2025-05-20 13:57:07,995 - INFO - Saved grid for downsampled_224
2025-05-20 13:57:08,004 - INFO - Visualization completed successfully
2025-05-20 13:57:08,063 - INFO - Logging initialized (rank 0). Log file: sd_comparison_images/train_rank0.log
2025-05-20 13:57:08,063 - INFO - Configuration:
Namespace(sd_model_name='stabilityai/stable-diffusion-2-1', sd_enable_cpu_offload=True, img_size=1024, seed=42, output_dir='sd_comparison_images', num_samples=9, prompt="A photorealistic advertisement poster for a Japanese cafe named 'NOVA CAFE', with the name written clearly in both English and Japanese on a street sign, a storefront banner, and a coffee cup. The scene is set at night with neon lighting, rain-slick streets reflecting the glow, and people walking by in motion blur. Cinematic tone, Leica photo quality, ultra-detailed textures.", num_inference_steps=25, guidance_scale=7.5)
2025-05-20 13:57:10,321 - INFO - Loading pretrained model: sd-2.1
2025-05-20 13:57:11,570 - INFO - Successfully loaded pretrained model: sd-2.1
2025-05-20 13:57:11,570 - INFO - Loading pretrained model: sd-1.5
2025-05-20 13:57:12,621 - INFO - Successfully loaded pretrained model: sd-1.5
2025-05-20 13:57:12,622 - INFO - Loading pretrained model: sd-1.4
2025-05-20 13:57:13,922 - INFO - Successfully loaded pretrained model: sd-1.4
2025-05-20 13:57:13,923 - INFO - Loading pretrained model: sd-1.3
2025-05-20 13:57:14,891 - INFO - Successfully loaded pretrained model: sd-1.3
2025-05-20 13:57:14,892 - INFO - Loading pretrained model: sd-1.2
2025-05-20 13:57:15,863 - INFO - Successfully loaded pretrained model: sd-1.2
2025-05-20 13:57:15,864 - INFO - Loading pretrained model: sd-1.1
2025-05-20 13:57:16,757 - INFO - Successfully loaded pretrained model: sd-1.1
2025-05-20 13:57:16,757 - INFO - Loaded 6 pretrained models: ['sd-2.1', 'sd-1.5', 'sd-1.4', 'sd-1.3', 'sd-1.2', 'sd-1.1']
