2025-05-05 20:44:39,128 - INFO - Logging initialized (rank 0). Log file: sd_samples/train_rank0.log
2025-05-05 20:44:39,128 - INFO - Configuration:
Namespace(sd_model_name='stabilityai/stable-diffusion-2-1-base', sd_enable_cpu_offload=True, img_size=256, output_dir='sd_samples', seed=42, num_inference_steps=30, guidance_scale=7.5)
2025-05-05 20:44:40,000 - WARNING - Xet Storage is enabled for this repo, but the 'hf_xet' package is not installed. Falling back to regular HTTP download. For better performance, install the package with: `pip install huggingface_hub[hf_xet]` or `pip install hf_xet`
2025-05-05 20:44:40,175 - WARNING - Xet Storage is enabled for this repo, but the 'hf_xet' package is not installed. Falling back to regular HTTP download. For better performance, install the package with: `pip install huggingface_hub[hf_xet]` or `pip install hf_xet`
2025-05-05 20:44:40,189 - WARNING - Xet Storage is enabled for this repo, but the 'hf_xet' package is not installed. Falling back to regular HTTP download. For better performance, install the package with: `pip install huggingface_hub[hf_xet]` or `pip install hf_xet`
2025-05-05 20:45:02,087 - INFO - Generating images...
2025-05-05 20:45:34,208 - INFO - Creating image grid...
2025-05-05 20:45:34,452 - INFO - Saved visualization to sd_samples/sd_samples_grid_256px.png
2025-05-06 09:06:26,835 - INFO - Logging initialized (rank 0). Log file: sd_samples/train_rank0.log
2025-05-06 09:06:26,835 - INFO - Configuration:
Namespace(sd_model_name='stabilityai/stable-diffusion-xl-base-1.0', sd_enable_cpu_offload=True, img_size=256, output_dir='sd_samples', seed=42, num_inference_steps=30, guidance_scale=7.5)
2025-05-06 09:06:28,496 - WARNING - Xet Storage is enabled for this repo, but the 'hf_xet' package is not installed. Falling back to regular HTTP download. For better performance, install the package with: `pip install huggingface_hub[hf_xet]` or `pip install hf_xet`
2025-05-06 09:06:28,509 - WARNING - Xet Storage is enabled for this repo, but the 'hf_xet' package is not installed. Falling back to regular HTTP download. For better performance, install the package with: `pip install huggingface_hub[hf_xet]` or `pip install hf_xet`
2025-05-06 09:06:29,051 - WARNING - Xet Storage is enabled for this repo, but the 'hf_xet' package is not installed. Falling back to regular HTTP download. For better performance, install the package with: `pip install huggingface_hub[hf_xet]` or `pip install hf_xet`
2025-05-06 09:06:29,067 - WARNING - Xet Storage is enabled for this repo, but the 'hf_xet' package is not installed. Falling back to regular HTTP download. For better performance, install the package with: `pip install huggingface_hub[hf_xet]` or `pip install hf_xet`
2025-05-06 09:06:29,102 - WARNING - Xet Storage is enabled for this repo, but the 'hf_xet' package is not installed. Falling back to regular HTTP download. For better performance, install the package with: `pip install huggingface_hub[hf_xet]` or `pip install hf_xet`
2025-05-06 09:06:58,243 - INFO - Generating images...
2025-05-06 09:08:28,699 - INFO - Creating image grid...
2025-05-06 09:08:29,041 - INFO - Saved visualization to sd_samples/sd_samples_grid_256px.png
